<?xml version="1.0" encoding="UTF-8"?>
<!-- Generated by org.testng.reporters.JUnitReportReporter -->
<testsuite hostname="DESKTOP-OU8JFJA" failures="0" tests="1" name="com.w2a.testcases.car_hire_search.CHS001_005_Car_Hire_Search_Only" time="26.143" errors="0" timestamp="13 Mar 2020 05:42:46 GMT" skipped="0">
  <testcase classname="com.w2a.testcases.car_hire_search.CHS001_005_Car_Hire_Search_Only" name="CHS001_001_searchByDepartingAndDesitnationAndDepartingDateAndReturnDateAnd7Travellers" time="26.143"/>
</testsuite> <!-- com.w2a.testcases.car_hire_search.CHS001_005_Car_Hire_Search_Only -->
