<?xml version="1.0" encoding="UTF-8"?>
<!-- Generated by org.testng.reporters.JUnitReportReporter -->
<testsuite hostname="DESKTOP-OU8JFJA" failures="0" tests="1" name="com.w2a.testcases.flights_search.FS001_001_Flights_Search_Only" time="52.855" errors="0" timestamp="12 Mar 2020 16:50:05 GMT" skipped="0">
  <testcase classname="com.w2a.testcases.flights_search.FS001_001_Flights_Search_Only" name="FS001_001_searchFlightsInvalid" time="52.855"/>
</testsuite> <!-- com.w2a.testcases.flights_search.FS001_001_Flights_Search_Only -->
