<?xml version="1.0" encoding="UTF-8"?>
<!-- Generated by org.testng.reporters.JUnitReportReporter -->
<testsuite hostname="DESKTOP-OU8JFJA" failures="0" tests="1" name="com.w2a.testcases.hotels_search.HS001_004_Hotels_Search_Only" time="22.602" errors="0" timestamp="13 Mar 2020 05:42:46 GMT" skipped="0">
  <testcase classname="com.w2a.testcases.hotels_search.HS001_004_Hotels_Search_Only" name="HS001_004_searchByDestinationOnly" time="22.602"/>
</testsuite> <!-- com.w2a.testcases.hotels_search.HS001_004_Hotels_Search_Only -->
