<?xml version="1.0" encoding="UTF-8"?>
<!-- Generated by org.testng.reporters.JUnitReportReporter -->
<testsuite hostname="DESKTOP-OU8JFJA" failures="0" tests="1" name="com.w2a.testcases.hotels_search.HS001_001_Hotels_Search_Only" time="117.121" errors="0" timestamp="09 Mar 2020 09:32:02 GMT" skipped="0">
  <testcase classname="com.w2a.testcases.hotels_search.HS001_001_Hotels_Search_Only" name="HS001_001_searchByDestinationOnly" time="117.121"/>
</testsuite> <!-- com.w2a.testcases.hotels_search.HS001_001_Hotels_Search_Only -->
