<?xml version="1.0" encoding="UTF-8"?>
<!-- Generated by org.testng.reporters.JUnitReportReporter -->
<testsuite hostname="DESKTOP-OU8JFJA" failures="0" tests="1" name="com.w2a.testcases.flights_search.add_hotel.FS001_001_Flights_Search_AH001_Add_A_Hotel" time="123.825" errors="0" timestamp="15 Mar 2020 06:13:56 GMT" skipped="0">
  <testcase classname="com.w2a.testcases.flights_search.add_hotel.FS001_001_Flights_Search_AH001_Add_A_Hotel" name="FS001_001_searchFlightsValid" time="123.825"/>
</testsuite> <!-- com.w2a.testcases.flights_search.add_hotel.FS001_001_Flights_Search_AH001_Add_A_Hotel -->
