<?xml version="1.0" encoding="UTF-8"?>
<!-- Generated by org.testng.reporters.JUnitReportReporter -->
<testsuite hostname="DESKTOP-OU8JFJA" failures="0" tests="1" name="com.w2a.testcases.hotels_search.HS001_005_Hotels_Search_Only" time="25.697" errors="0" timestamp="14 Mar 2020 06:19:19 GMT" skipped="0">
  <testcase classname="com.w2a.testcases.hotels_search.HS001_005_Hotels_Search_Only" name="HS001_005_searchByDestinationAndCheckInAndCheckOutAndMaxTravellers" time="25.697"/>
</testsuite> <!-- com.w2a.testcases.hotels_search.HS001_005_Hotels_Search_Only -->
