<?xml version="1.0" encoding="UTF-8"?>
<!-- Generated by org.testng.reporters.JUnitReportReporter -->
<testsuite hostname="DESKTOP-OU8JFJA" failures="0" tests="1" name="com.w2a.testcases.flights_search.FS001_006_Flights_Search_Only" time="245.592" errors="0" timestamp="15 Mar 2020 08:39:26 GMT" skipped="0">
  <testcase classname="com.w2a.testcases.flights_search.FS001_006_Flights_Search_Only" name="FS001_006_searchByDepartingAndDesitnation" time="245.592"/>
</testsuite> <!-- com.w2a.testcases.flights_search.FS001_006_Flights_Search_Only -->
