<?xml version="1.0" encoding="UTF-8"?>
<!-- Generated by org.testng.reporters.JUnitReportReporter -->
<testsuite hostname="DESKTOP-OU8JFJA" failures="0" tests="1" name="guru99.bank.POM.test.DepositTest" time="0.000" errors="0" timestamp="14 Feb 2020 04:14:51 GMT" skipped="1">
  <testcase classname="guru99.bank.POM.test.DepositTest" name="depositToAccount" time="0.000">
    <skipped/>
  </testcase> <!-- depositToAccount -->
</testsuite> <!-- guru99.bank.POM.test.DepositTest -->
