<?xml version="1.0" encoding="UTF-8"?>
<!-- Generated by org.testng.reporters.JUnitReportReporter -->
<testsuite hostname="DESKTOP-OU8JFJA" failures="0" tests="1" name="com.w2a.testcases.hotels_search.HS001_006_Hotels_Search_Only" time="29.059" errors="0" timestamp="09 Mar 2020 07:29:12 GMT" skipped="0">
  <testcase classname="com.w2a.testcases.hotels_search.HS001_006_Hotels_Search_Only" name="FS001_006_searchByDepartingAndDesitnationAndDepartingDateAndReturnDateAnd7Travellers" time="29.059"/>
</testsuite> <!-- com.w2a.testcases.hotels_search.HS001_006_Hotels_Search_Only -->
