<?xml version="1.0" encoding="UTF-8"?>
<!-- Generated by org.testng.reporters.JUnitReportReporter -->
<testsuite hostname="DESKTOP-OU8JFJA" failures="0" tests="1" name="com.w2a.testcases.flights_hotels_search.FHS001_001_Flights_Search_Only" time="29.789" errors="0" timestamp="12 Mar 2020 06:14:23 GMT" skipped="0">
  <testcase classname="com.w2a.testcases.flights_hotels_search.FHS001_001_Flights_Search_Only" name="FS001_006_searchByDepartingAndDesitnationAndDepartingDateAndReturnDateAnd7TravellersDirectFlight" time="29.789"/>
</testsuite> <!-- com.w2a.testcases.flights_hotels_search.FHS001_001_Flights_Search_Only -->
