<?xml version="1.0" encoding="UTF-8"?>
<!-- Generated by org.testng.reporters.JUnitReportReporter -->
<testsuite hostname="DESKTOP-OU8JFJA" failures="0" tests="1" name="com.w2a.testcases.flights_hotels_search.FHS001_009_Flights_Hotels_Search_Only" time="40.359" errors="0" timestamp="15 Mar 2020 19:09:56 GMT" skipped="0">
  <testcase classname="com.w2a.testcases.flights_hotels_search.FHS001_009_Flights_Hotels_Search_Only" name="FHS001_008_searchByDepartingAndDesitnationAndDepartingDateAndReturnDateAnd7TravellersDirectFlight" time="40.359"/>
</testsuite> <!-- com.w2a.testcases.flights_hotels_search.FHS001_009_Flights_Hotels_Search_Only -->
