<?xml version="1.0" encoding="UTF-8"?>
<!-- Generated by org.testng.reporters.JUnitReportReporter -->
<testsuite hostname="DESKTOP-OU8JFJA" failures="0" tests="1" name="com.w2a.rough.H001_Search_Hotels_Only" time="7.110" errors="0" timestamp="07 Mar 2020 13:58:44 GMT" skipped="0">
  <testcase classname="com.w2a.rough.H001_Search_Hotels_Only" name="H001_001_searchByDestination" time="7.110"/>
</testsuite> <!-- com.w2a.rough.H001_Search_Hotels_Only -->
