<?xml version="1.0" encoding="UTF-8"?>
<!-- Generated by org.testng.reporters.JUnitReportReporter -->
<testsuite hostname="DESKTOP-OU8JFJA" failures="0" tests="1" name="com.w2a.testcases.flights_hotels_search.FHS001_001_Flights_Hotels_Search_Only" time="47.399" errors="0" timestamp="12 Mar 2020 17:59:57 GMT" skipped="0">
  <testcase classname="com.w2a.testcases.flights_hotels_search.FHS001_001_Flights_Hotels_Search_Only" name="FHS001_001_searchFlightsAndHotels" time="47.399"/>
</testsuite> <!-- com.w2a.testcases.flights_hotels_search.FHS001_001_Flights_Hotels_Search_Only -->
