<?xml version="1.0" encoding="UTF-8"?>
<!-- Generated by org.testng.reporters.JUnitReportReporter -->
<testsuite hostname="DESKTOP-OU8JFJA" failures="0" tests="1" name="com.w2a.testcases.hotels_search.HS001_007_Hotels_Search_Only" time="38.696" errors="0" timestamp="12 Mar 2020 06:14:23 GMT" skipped="0">
  <testcase classname="com.w2a.testcases.hotels_search.HS001_007_Hotels_Search_Only" name="HS001_007_searchByDestinationOnly" time="38.696"/>
</testsuite> <!-- com.w2a.testcases.hotels_search.HS001_007_Hotels_Search_Only -->
