<?xml version="1.0" encoding="UTF-8"?>
<!-- Generated by org.testng.reporters.JUnitReportReporter -->
<testsuite hostname="DESKTOP-OU8JFJA" failures="0" tests="1" name="com.w2a.testcases.hotels_search.HS001_008_Hotels_Search_Only" time="82.439" errors="0" timestamp="10 Mar 2020 05:49:09 GMT" skipped="0">
  <testcase classname="com.w2a.testcases.hotels_search.HS001_008_Hotels_Search_Only" name="HS001_008_searchByAllCriteriaWithAddOneMoreRoom" time="82.439"/>
</testsuite> <!-- com.w2a.testcases.hotels_search.HS001_008_Hotels_Search_Only -->
