<?xml version="1.0" encoding="UTF-8"?>
<!-- Generated by org.testng.reporters.JUnitReportReporter -->
<testsuite hostname="DESKTOP-OU8JFJA" failures="0" tests="1" name="com.w2a.testcases.flights_hotels_search.FHS001_002_Flights_Hotels_Search_Only" time="71.920" errors="0" timestamp="13 Mar 2020 05:42:46 GMT" skipped="0">
  <testcase classname="com.w2a.testcases.flights_hotels_search.FHS001_002_Flights_Hotels_Search_Only" name="FHS001_002_searchByDepartingAndDesitnationAndDepartingDateAndReturnDateAnd7TravellersDirectFlight" time="71.920"/>
</testsuite> <!-- com.w2a.testcases.flights_hotels_search.FHS001_002_Flights_Hotels_Search_Only -->
