<?xml version="1.0" encoding="UTF-8"?>
<!-- Generated by org.testng.reporters.JUnitReportReporter -->
<testsuite hostname="DESKTOP-OU8JFJA" failures="0" tests="1" name="com.w2a.testcases.hotels_search.HS001_003_Hotels_Search_Only" time="65.641" errors="0" timestamp="15 Mar 2020 17:50:29 GMT" skipped="0">
  <testcase classname="com.w2a.testcases.hotels_search.HS001_003_Hotels_Search_Only" name="HS001_003_searchByDestinationOnly" time="65.641"/>
</testsuite> <!-- com.w2a.testcases.hotels_search.HS001_003_Hotels_Search_Only -->
