<?xml version="1.0" encoding="UTF-8"?>
<!-- Generated by org.testng.reporters.JUnitReportReporter -->
<testsuite hostname="DESKTOP-OU8JFJA" failures="0" tests="1" name="com.w2a.testcases.flights_search.FS001_001_Flights_Search_Only" time="47.156" errors="0" timestamp="13 Mar 2020 06:32:25 GMT" skipped="0">
  <testcase classname="com.w2a.testcases.flights_search.FS001_001_Flights_Search_Only" name="FS001_001_searchFlightsValid" time="47.156"/>
</testsuite> <!-- com.w2a.testcases.flights_search.FS001_001_Flights_Search_Only -->
