<?xml version="1.0" encoding="UTF-8"?>
<!-- Generated by org.testng.reporters.JUnitReportReporter -->
<testsuite hostname="DESKTOP-OU8JFJA" failures="0" tests="1" name="com.w2a.testcases.car_hire_search.CHS001_001_Car_Hire_Search_Only" time="45.491" errors="0" timestamp="12 Mar 2020 03:37:43 GMT" skipped="0">
  <testcase classname="com.w2a.testcases.car_hire_search.CHS001_001_Car_Hire_Search_Only" name="CHS001_001_searchByDepartingAndDesitnationAndDepartingDateAndReturnDateAnd7Travellers" time="45.491"/>
</testsuite> <!-- com.w2a.testcases.car_hire_search.CHS001_001_Car_Hire_Search_Only -->
