<?xml version="1.0" encoding="UTF-8"?>
<!-- Generated by org.testng.reporters.JUnitReportReporter -->
<testsuite hostname="DESKTOP-OU8JFJA" failures="0" tests="1" name="guru99.bank.POM.test.CreateNewAccountTest" time="11.800" errors="0" timestamp="08 Feb 2020 13:15:45 GMT" skipped="0">
  <testcase classname="guru99.bank.POM.test.CreateNewAccountTest" name="createNewAccount" time="11.800"/>
</testsuite> <!-- guru99.bank.POM.test.CreateNewAccountTest -->
