<?xml version="1.0" encoding="UTF-8"?>
<!-- Generated by org.testng.reporters.JUnitReportReporter -->
<testsuite hostname="DESKTOP-OU8JFJA" failures="0" tests="1" name="com.w2a.testcases.holiday_activities_search.HAS001_003_Holiday_Activities_Search_Only" time="96.843" errors="0" timestamp="12 Mar 2020 07:37:06 GMT" skipped="0">
  <testcase classname="com.w2a.testcases.holiday_activities_search.HAS001_003_Holiday_Activities_Search_Only" name="CHS001_001_searchByDepartingAndDesitnationAndDepartingDateAndReturnDateAnd7Travellers" time="96.843"/>
</testsuite> <!-- com.w2a.testcases.holiday_activities_search.HAS001_003_Holiday_Activities_Search_Only -->
