<?xml version="1.0" encoding="UTF-8"?>
<!-- Generated by org.testng.reporters.JUnitReportReporter -->
<testsuite hostname="DESKTOP-OU8JFJA" failures="0" tests="1" name="guru99.bank.POM.test.DepositTest" time="5.358" errors="0" timestamp="14 Feb 2020 06:30:54 GMT" skipped="0">
  <testcase classname="guru99.bank.POM.test.DepositTest" name="depositToAccount" time="5.358"/>
</testsuite> <!-- guru99.bank.POM.test.DepositTest -->
