<?xml version="1.0" encoding="UTF-8"?>
<!-- Generated by org.testng.reporters.JUnitReportReporter -->
<testsuite hostname="DESKTOP-OU8JFJA" failures="0" tests="1" name="guru99.bank.POM.test.CreateNewCustomerTest" time="0.000" errors="0" timestamp="14 Feb 2020 04:14:52 GMT" skipped="1">
  <testcase classname="guru99.bank.POM.test.CreateNewCustomerTest" name="createNewCustomer" time="0.000">
    <skipped/>
  </testcase> <!-- createNewCustomer -->
</testsuite> <!-- guru99.bank.POM.test.CreateNewCustomerTest -->
